mode: set
github.com/redxiiikk/code-letter-cli/tools/tools.go:11.30,12.16 1 0
github.com/redxiiikk/code-letter-cli/tools/tools.go:16.2,17.12 2 0
github.com/redxiiikk/code-letter-cli/tools/tools.go:12.16,14.3 1 0
github.com/redxiiikk/code-letter-cli/tools/tools.go:21.47,23.2 1 0
github.com/redxiiikk/code-letter-cli/tools/tools.go:25.48,27.2 1 0
github.com/redxiiikk/code-letter-cli/tools/tools.go:29.48,31.2 1 0
github.com/redxiiikk/code-letter-cli/tools/tools.go:33.34,35.2 1 1
github.com/redxiiikk/code-letter-cli/tools/tools.go:37.37,39.2 1 1
github.com/redxiiikk/code-letter-cli/tools/tools.go:41.67,42.26 1 1
github.com/redxiiikk/code-letter-cli/tools/tools.go:51.2,51.8 1 1
github.com/redxiiikk/code-letter-cli/tools/tools.go:42.26,44.17 2 1
github.com/redxiiikk/code-letter-cli/tools/tools.go:48.3,48.34 1 1
github.com/redxiiikk/code-letter-cli/tools/tools.go:44.17,46.4 1 1
github.com/redxiiikk/code-letter-cli/internal/types.go:14.51,16.2 1 1
github.com/redxiiikk/code-letter-cli/internal/comment.go:22.22,25.39 3 0
github.com/redxiiikk/code-letter-cli/internal/comment.go:28.2,41.17 3 0
github.com/redxiiikk/code-letter-cli/internal/comment.go:25.39,27.3 1 0
github.com/redxiiikk/code-letter-cli/internal/comment.go:44.70,48.56 3 1
github.com/redxiiikk/code-letter-cli/internal/comment.go:52.2,52.55 1 1
github.com/redxiiikk/code-letter-cli/internal/comment.go:56.2,56.50 1 1
github.com/redxiiikk/code-letter-cli/internal/comment.go:48.56,50.3 1 1
github.com/redxiiikk/code-letter-cli/internal/comment.go:52.55,54.3 1 1
github.com/redxiiikk/code-letter-cli/internal/comment.go:56.50,58.3 1 1
github.com/redxiiikk/code-letter-cli/internal/comment.go:61.43,65.39 3 0
github.com/redxiiikk/code-letter-cli/internal/comment.go:69.2,70.35 2 0
github.com/redxiiikk/code-letter-cli/internal/comment.go:74.2,77.40 4 0
github.com/redxiiikk/code-letter-cli/internal/comment.go:83.2,83.42 1 0
github.com/redxiiikk/code-letter-cli/internal/comment.go:87.2,87.29 1 0
github.com/redxiiikk/code-letter-cli/internal/comment.go:65.39,67.3 1 0
github.com/redxiiikk/code-letter-cli/internal/comment.go:70.35,72.3 1 0
github.com/redxiiikk/code-letter-cli/internal/comment.go:77.40,78.46 1 0
github.com/redxiiikk/code-letter-cli/internal/comment.go:78.46,80.4 1 0
github.com/redxiiikk/code-letter-cli/internal/comment.go:83.42,85.3 1 0
github.com/redxiiikk/code-letter-cli/internal/comment.go:87.29,88.37 1 0
github.com/redxiiikk/code-letter-cli/internal/comment.go:92.3,92.13 1 0
github.com/redxiiikk/code-letter-cli/internal/comment.go:88.37,90.4 1 0
github.com/redxiiikk/code-letter-cli/internal/comment.go:96.45,107.2 7 0
github.com/redxiiikk/code-letter-cli/internal/comment.go:109.91,116.16 4 0
github.com/redxiiikk/code-letter-cli/internal/comment.go:128.2,128.8 1 0
github.com/redxiiikk/code-letter-cli/internal/comment.go:116.16,117.26 1 0
github.com/redxiiikk/code-letter-cli/internal/comment.go:117.26,119.4 1 0
github.com/redxiiikk/code-letter-cli/internal/comment.go:120.8,126.3 4 0
github.com/redxiiikk/code-letter-cli/internal/comment.go:131.54,134.2 2 0
github.com/redxiiikk/code-letter-cli/internal/config.go:14.54,21.2 2 1
github.com/redxiiikk/code-letter-cli/internal/config.go:23.69,27.41 3 1
github.com/redxiiikk/code-letter-cli/internal/config.go:27.41,30.3 2 1
github.com/redxiiikk/code-letter-cli/internal/service.go:15.3,21.2 4 0
github.com/redxiiikk/code-letter-cli/internal/service.go:23.48,28.2 3 0
